<?xml version="1.0" encoding="UTF-8"?>
<testng-results skipped="0" failed="0" ignored="0" total="1" passed="1">
  <reporter-output>
  </reporter-output>
  <suite name="Command line suite" duration-ms="9" started-at="2018-04-17T07:12:24Z" finished-at="2018-04-17T07:12:24Z">
    <groups>
    </groups>
    <test name="Command line test" duration-ms="9" started-at="2018-04-17T07:12:24Z" finished-at="2018-04-17T07:12:24Z">
      <class name="JavaAutomationPrj.JavaAutomation.AppTest">
        <test-method status="PASS" signature="testApp()[pri:0, instance:testApp(JavaAutomationPrj.JavaAutomation.AppTest)]" name="testApp" duration-ms="1" started-at="2018-04-17T12:42:24Z" finished-at="2018-04-17T12:42:24Z">
          <reporter-output>
          </reporter-output>
        </test-method> <!-- testApp -->
      </class> <!-- JavaAutomationPrj.JavaAutomation.AppTest -->
    </test> <!-- Command line test -->
  </suite> <!-- Command line suite -->
</testng-results>
