<?xml version="1.0" encoding="UTF-8"?>
<!-- Generated by org.testng.reporters.JUnitXMLReporter -->
<testsuite hostname="XE-T-MANISH22" ignored="0" name="Test" tests="4" failures="0" timestamp="20 Apr 2018 06:34:56 GMT" time="33.614" errors="0">
  <testcase name="testTitle" time="0.084" classname="example.firstTestCase"/>
  <testcase name="testTitle" time="0.06" classname="example.secondTestCase"/>
  <testcase name="testHoverOverElement" time="6.364" classname="example.firstTestCase"/>
  <testcase name="testHoverOverElement" time="8.529" classname="example.secondTestCase"/>
</testsuite> <!-- Test -->
