<?xml version="1.0" encoding="UTF-8"?>
<testng-results skipped="0" failed="0" ignored="0" total="4" passed="4">
  <reporter-output>
  </reporter-output>
  <suite name="Suite" duration-ms="33614" started-at="2018-04-20T06:34:23Z" finished-at="2018-04-20T06:34:56Z">
    <groups>
    </groups>
    <test name="Test" duration-ms="33614" started-at="2018-04-20T06:34:23Z" finished-at="2018-04-20T06:34:56Z">
      <class name="example.secondTestCase">
        <test-method status="PASS" signature="testTitle()[pri:0, instance:example.secondTestCase@3532ec19]" name="testTitle" duration-ms="60" started-at="2018-04-20T12:04:40Z" finished-at="2018-04-20T12:04:40Z">
          <reporter-output>
          </reporter-output>
        </test-method> <!-- testTitle -->
        <test-method status="PASS" signature="testHoverOverElement()[pri:0, instance:example.secondTestCase@3532ec19]" name="testHoverOverElement" duration-ms="8529" started-at="2018-04-20T12:04:46Z" depends-on-methods="example.secondTestCase.testTitle" finished-at="2018-04-20T12:04:55Z">
          <reporter-output>
          </reporter-output>
        </test-method> <!-- testHoverOverElement -->
      </class> <!-- example.secondTestCase -->
      <class name="example.firstTestCase">
        <test-method status="PASS" signature="beforeTest()[pri:0, instance:example.firstTestCase@26653222]" name="beforeTest" is-config="true" duration-ms="9172" started-at="2018-04-20T12:04:23Z" finished-at="2018-04-20T12:04:32Z">
          <reporter-output>
          </reporter-output>
        </test-method> <!-- beforeTest -->
        <test-method status="PASS" signature="beforeTest()[pri:0, instance:example.secondTestCase@3532ec19]" name="beforeTest" is-config="true" duration-ms="7832" started-at="2018-04-20T12:04:32Z" finished-at="2018-04-20T12:04:40Z">
          <reporter-output>
          </reporter-output>
        </test-method> <!-- beforeTest -->
        <test-method status="PASS" signature="testTitle()[pri:0, instance:example.firstTestCase@26653222]" name="testTitle" duration-ms="84" started-at="2018-04-20T12:04:40Z" finished-at="2018-04-20T12:04:40Z">
          <reporter-output>
          </reporter-output>
        </test-method> <!-- testTitle -->
        <test-method status="PASS" signature="testHoverOverElement()[pri:0, instance:example.firstTestCase@26653222]" name="testHoverOverElement" duration-ms="6364" started-at="2018-04-20T12:04:40Z" depends-on-methods="example.firstTestCase.testTitle" finished-at="2018-04-20T12:04:46Z">
          <reporter-output>
          </reporter-output>
        </test-method> <!-- testHoverOverElement -->
        <test-method status="PASS" signature="afterTest()[pri:0, instance:example.firstTestCase@26653222]" name="afterTest" is-config="true" duration-ms="777" started-at="2018-04-20T12:04:55Z" finished-at="2018-04-20T12:04:56Z">
          <reporter-output>
          </reporter-output>
        </test-method> <!-- afterTest -->
        <test-method status="PASS" signature="afterTest()[pri:0, instance:example.secondTestCase@3532ec19]" name="afterTest" is-config="true" duration-ms="759" started-at="2018-04-20T12:04:56Z" finished-at="2018-04-20T12:04:56Z">
          <reporter-output>
          </reporter-output>
        </test-method> <!-- afterTest -->
      </class> <!-- example.firstTestCase -->
    </test> <!-- Test -->
  </suite> <!-- Suite -->
</testng-results>
